[debug] [2021-06-27T15:32:05.225Z] ----------------------------------------------------------------------
[debug] [2021-06-27T15:32:05.226Z] Command:       C:\Program Files\nodejs\node.exe C:\Users\handy\AppData\Roaming\npm\node_modules\firebase-tools\lib\bin\firebase.js deploy --only functions
[debug] [2021-06-27T15:32:05.227Z] CLI Version:   9.12.1
[debug] [2021-06-27T15:32:05.227Z] Platform:      win32
[debug] [2021-06-27T15:32:05.227Z] Node Version:  v14.17.0
[debug] [2021-06-27T15:32:05.227Z] Time:          Sun Jun 27 2021 23:32:05 GMT+0800 (Taipei Standard Time)
[debug] [2021-06-27T15:32:05.227Z] ----------------------------------------------------------------------
[debug] 
[debug] [2021-06-27T15:32:05.233Z] > command requires scopes: ["email","openid","https://www.googleapis.com/auth/cloudplatformprojects.readonly","https://www.googleapis.com/auth/firebase","https://www.googleapis.com/auth/cloud-platform"]
[debug] [2021-06-27T15:32:05.233Z] > authorizing via signed-in user (handy0911@gmail.com)
[debug] [2021-06-27T15:32:05.233Z] [iam] checking project etf-kanban for permissions ["cloudfunctions.functions.create","cloudfunctions.functions.delete","cloudfunctions.functions.get","cloudfunctions.functions.list","cloudfunctions.functions.update","cloudfunctions.operations.get","firebase.projects.get"]
[debug] [2021-06-27T15:32:05.235Z] >>> HTTP REQUEST POST https://cloudresourcemanager.googleapis.com/v1/projects/etf-kanban:testIamPermissions  
 {"permissions":["cloudfunctions.functions.create","cloudfunctions.functions.delete","cloudfunctions.functions.get","cloudfunctions.functions.list","cloudfunctions.functions.update","cloudfunctions.operations.get","firebase.projects.get"]}
[debug] [2021-06-27T15:32:06.039Z] <<< HTTP RESPONSE 200 {"content-type":"application/json; charset=UTF-8","vary":"X-Origin, Referer, Origin,Accept-Encoding","date":"Sun, 27 Jun 2021 15:32:06 GMT","server":"ESF","cache-control":"private","x-xss-protection":"0","x-frame-options":"SAMEORIGIN","x-content-type-options":"nosniff","server-timing":"gfet4t7; dur=750","alt-svc":"h3=\":443\"; ma=2592000,h3-29=\":443\"; ma=2592000,h3-T051=\":443\"; ma=2592000,h3-Q050=\":443\"; ma=2592000,h3-Q046=\":443\"; ma=2592000,h3-Q043=\":443\"; ma=2592000,quic=\":443\"; ma=2592000; v=\"46,43\"","accept-ranges":"none","transfer-encoding":"chunked"}
[debug] [2021-06-27T15:32:06.042Z] >>> HTTP REQUEST POST https://iam.googleapis.com/v1/projects/etf-kanban/serviceAccounts/etf-kanban@appspot.gserviceaccount.com:testIamPermissions  
 {"permissions":["iam.serviceAccounts.actAs"]}
[debug] [2021-06-27T15:32:06.942Z] <<< HTTP RESPONSE 200 {"content-type":"application/json; charset=UTF-8","vary":"X-Origin, Referer, Origin,Accept-Encoding","date":"Sun, 27 Jun 2021 15:32:07 GMT","server":"ESF","cache-control":"private","x-xss-protection":"0","x-frame-options":"SAMEORIGIN","x-content-type-options":"nosniff","alt-svc":"h3=\":443\"; ma=2592000,h3-29=\":443\"; ma=2592000,h3-T051=\":443\"; ma=2592000,h3-Q050=\":443\"; ma=2592000,h3-Q046=\":443\"; ma=2592000,h3-Q043=\":443\"; ma=2592000,quic=\":443\"; ma=2592000; v=\"46,43\"","accept-ranges":"none","transfer-encoding":"chunked"}
[info] 
[info] === Deploying to 'etf-kanban'...
[info] 
[info] i  deploying functions 
[info] Running command: npm --prefix "%RESOURCE_DIR%" run
[info] +  functions: Finished running predeploy script. 
[info] i  functions: ensuring required API cloudfunctions.googleapis.com is enabled... 
[info] i  functions: ensuring required API cloudbuild.googleapis.com is enabled... 
[debug] [2021-06-27T15:32:10.894Z] >>> HTTP REQUEST GET https://serviceusage.googleapis.com/v1/projects/etf-kanban/services/cloudfunctions.googleapis.com  
 
[debug] [2021-06-27T15:32:10.895Z] >>> HTTP REQUEST GET https://serviceusage.googleapis.com/v1/projects/etf-kanban/services/runtimeconfig.googleapis.com  
 
[debug] [2021-06-27T15:32:10.895Z] >>> HTTP REQUEST GET https://serviceusage.googleapis.com/v1/projects/etf-kanban/services/cloudbuild.googleapis.com  
 
[debug] [2021-06-27T15:32:11.982Z] <<< HTTP RESPONSE 200 {"content-type":"application/json; charset=UTF-8","vary":"X-Origin, Referer, Origin,Accept-Encoding","date":"Sun, 27 Jun 2021 15:32:12 GMT","server":"ESF","cache-control":"private","x-xss-protection":"0","x-frame-options":"SAMEORIGIN","x-content-type-options":"nosniff","alt-svc":"h3=\":443\"; ma=2592000,h3-29=\":443\"; ma=2592000,h3-T051=\":443\"; ma=2592000,h3-Q050=\":443\"; ma=2592000,h3-Q046=\":443\"; ma=2592000,h3-Q043=\":443\"; ma=2592000,quic=\":443\"; ma=2592000; v=\"46,43\"","accept-ranges":"none","transfer-encoding":"chunked"}
[debug] [2021-06-27T15:32:11.996Z] <<< HTTP RESPONSE 200 {"content-type":"application/json; charset=UTF-8","vary":"X-Origin, Referer, Origin,Accept-Encoding","date":"Sun, 27 Jun 2021 15:32:12 GMT","server":"ESF","cache-control":"private","x-xss-protection":"0","x-frame-options":"SAMEORIGIN","x-content-type-options":"nosniff","alt-svc":"h3=\":443\"; ma=2592000,h3-29=\":443\"; ma=2592000,h3-T051=\":443\"; ma=2592000,h3-Q050=\":443\"; ma=2592000,h3-Q046=\":443\"; ma=2592000,h3-Q043=\":443\"; ma=2592000,quic=\":443\"; ma=2592000; v=\"46,43\"","accept-ranges":"none","transfer-encoding":"chunked"}
[info] +  functions: required API cloudbuild.googleapis.com is enabled 
[debug] [2021-06-27T15:32:12.013Z] <<< HTTP RESPONSE 200 {"content-type":"application/json; charset=UTF-8","vary":"X-Origin, Referer, Origin,Accept-Encoding","date":"Sun, 27 Jun 2021 15:32:12 GMT","server":"ESF","cache-control":"private","x-xss-protection":"0","x-frame-options":"SAMEORIGIN","x-content-type-options":"nosniff","alt-svc":"h3=\":443\"; ma=2592000,h3-29=\":443\"; ma=2592000,h3-T051=\":443\"; ma=2592000,h3-Q050=\":443\"; ma=2592000,h3-Q046=\":443\"; ma=2592000,h3-Q043=\":443\"; ma=2592000,quic=\":443\"; ma=2592000; v=\"46,43\"","accept-ranges":"none","transfer-encoding":"chunked"}
[info] +  functions: required API cloudfunctions.googleapis.com is enabled 
[debug] [2021-06-27T15:32:12.014Z] >>> HTTP REQUEST GET https://firebase.googleapis.com/v1beta1/projects/etf-kanban/adminSdkConfig  
 
[debug] [2021-06-27T15:32:12.779Z] <<< HTTP RESPONSE 200 {"content-type":"application/json; charset=UTF-8","vary":"X-Origin, Referer, Origin,Accept-Encoding","date":"Sun, 27 Jun 2021 15:32:13 GMT","server":"ESF","cache-control":"private","x-xss-protection":"0","x-frame-options":"SAMEORIGIN","x-content-type-options":"nosniff","alt-svc":"h3=\":443\"; ma=2592000,h3-29=\":443\"; ma=2592000,h3-T051=\":443\"; ma=2592000,h3-Q050=\":443\"; ma=2592000,h3-Q046=\":443\"; ma=2592000,h3-Q043=\":443\"; ma=2592000,quic=\":443\"; ma=2592000; v=\"46,43\"","accept-ranges":"none","transfer-encoding":"chunked"}
[info] i  functions: preparing functions directory for uploading... 
[debug] [2021-06-27T15:32:12.780Z] >>> HTTP REQUEST GET https://runtimeconfig.googleapis.com/v1beta1/projects/etf-kanban/configs  
 
[debug] [2021-06-27T15:32:13.112Z] <<< HTTP RESPONSE 200 {"content-type":"application/json; charset=UTF-8","vary":"X-Origin, Referer, Origin,Accept-Encoding","date":"Sun, 27 Jun 2021 15:32:13 GMT","server":"ESF","cache-control":"private","x-xss-protection":"0","x-frame-options":"SAMEORIGIN","x-content-type-options":"nosniff","alt-svc":"h3=\":443\"; ma=2592000,h3-29=\":443\"; ma=2592000,h3-T051=\":443\"; ma=2592000,h3-Q050=\":443\"; ma=2592000,h3-Q046=\":443\"; ma=2592000,h3-Q043=\":443\"; ma=2592000,quic=\":443\"; ma=2592000; v=\"46,43\"","accept-ranges":"none","transfer-encoding":"chunked"}
[debug] [2021-06-27T15:32:13.114Z] Analyizing backend with strategy parseJSExports
[info] i  functions: packaged functions (40.87 KB) for uploading 
[debug] [2021-06-27T15:32:13.250Z] > [functions] package.json contents: {
  "name": "functions",
  "description": "Cloud Functions for Firebase",
  "scripts": {
    "lint": "eslint .",
    "serve": "firebase emulators:start --only functions",
    "shell": "firebase functions:shell",
    "start": "npm run shell",
    "deploy": "firebase deploy --only functions",
    "logs": "firebase functions:log"
  },
  "engines": {
    "node": "14"
  },
  "main": "index.js",
  "dependencies": {
    "firebase-admin": "^9.8.0",
    "firebase-functions": "^3.14.1",
    "request": "^2.88.2"
  },
  "devDependencies": {
    "eslint": "^7.6.0",
    "eslint-config-google": "^0.14.0",
    "firebase-functions-test": "^0.2.0"
  },
  "private": true
}
[debug] [2021-06-27T15:32:13.251Z] >>> HTTP REQUEST GET https://cloudfunctions.googleapis.com/v1/projects/etf-kanban/locations/-/functions  
 
[debug] [2021-06-27T15:32:13.917Z] <<< HTTP RESPONSE 200 {"content-type":"application/json; charset=UTF-8","vary":"X-Origin, Referer, Origin,Accept-Encoding","date":"Sun, 27 Jun 2021 15:32:14 GMT","server":"ESF","cache-control":"private","x-xss-protection":"0","x-frame-options":"SAMEORIGIN","x-content-type-options":"nosniff","alt-svc":"h3=\":443\"; ma=2592000,h3-29=\":443\"; ma=2592000,h3-T051=\":443\"; ma=2592000,h3-Q050=\":443\"; ma=2592000,h3-Q046=\":443\"; ma=2592000,h3-Q043=\":443\"; ma=2592000,quic=\":443\"; ma=2592000; v=\"46,43\"","accept-ranges":"none","transfer-encoding":"chunked"}
[debug] [2021-06-27T15:32:13.923Z] >>> HTTP REQUEST POST https://cloudfunctions.googleapis.com/v1/projects/etf-kanban/locations/us-central1/functions:generateUploadUrl  
 
[debug] [2021-06-27T15:32:14.637Z] <<< HTTP RESPONSE 200 {"content-type":"application/json; charset=UTF-8","vary":"X-Origin, Referer, Origin,Accept-Encoding","date":"Sun, 27 Jun 2021 15:32:15 GMT","server":"ESF","cache-control":"private","x-xss-protection":"0","x-frame-options":"SAMEORIGIN","x-content-type-options":"nosniff","alt-svc":"h3=\":443\"; ma=2592000,h3-29=\":443\"; ma=2592000,h3-T051=\":443\"; ma=2592000,h3-Q050=\":443\"; ma=2592000,h3-Q046=\":443\"; ma=2592000,h3-Q043=\":443\"; ma=2592000,quic=\":443\"; ma=2592000; v=\"46,43\"","accept-ranges":"none","transfer-encoding":"chunked"}
[debug] [2021-06-27T15:32:14.638Z] >>> HTTP REQUEST PUT https://storage.googleapis.com/gcf-upload-us-central1-9e66bd03-83c4-4682-a3da-4da457bebe91/fe6681e8-c2e2-4ed5-b438-9721e09e7022.zip?GoogleAccessId=service-692975981656@gcf-admin-robot.iam.gserviceaccount.com&Expires=1624809735&Signature=oVXcBd2JTIvyTkr%2BtVKsPi0RTG3%2FmMZiBKGG6qhRxEqGu0wxEPDuoIYS5ZSCvmJTu17piREB%2F%2BFI1fuUxjHQ4LgRglbrbZ%2BMRLUnl2rbBA%2BuHFzZJWl5g1bqrusxNCMNvNFwOZc3xAYA16AncyrnfP8b3UIZAnXWMPVXfQ1uhBINF3RmeM1w%2BvvIFLLH95jiWpkWAOeCAUoTvnTj4I30feXSUMg3faMsrjzyZcMOhtg%2BXqRrYgO0Ep1xtkeGoXN4KJZkMTXl9zCXm8NmgKRUOkAntryOcTREKr8tcCxHW071CG5drTDI0iRKZtcxmIJcJovtgBFZhJslGs3xrjvYgA%3D%3D  
 <request body omitted>
[debug] [2021-06-27T15:32:15.088Z] <<< HTTP RESPONSE 200 {"x-guploader-uploadid":"ADPycdvj8n26VAQoZN13yQo_EBDS3X3PZAtAj6T7BmO6kmt8Dmos-WWphhi2PfvXhxEDiJTtPErfJGjiI4Wzxd1M-66wRUZZXg","etag":"\"7979dfc8d00eba46f809ee513b96cb9d\"","x-goog-generation":"1624807935913584","x-goog-metageneration":"1","x-goog-hash":"crc32c=36g97w==, md5=eXnfyNAOukb4Ce5RO5bLnQ==","x-goog-stored-content-length":"41846","x-goog-stored-content-encoding":"identity","vary":"Origin","content-length":"0","date":"Sun, 27 Jun 2021 15:32:15 GMT","server":"UploadServer","content-type":"text/html; charset=UTF-8","alt-svc":"h3=\":443\"; ma=2592000,h3-29=\":443\"; ma=2592000,h3-T051=\":443\"; ma=2592000,h3-Q050=\":443\"; ma=2592000,h3-Q046=\":443\"; ma=2592000,h3-Q043=\":443\"; ma=2592000,quic=\":443\"; ma=2592000; v=\"46,43\""}
[info] +  functions: functions folder uploaded successfully 
[info] i  functions: updating Node.js 14 function all_etf(us-central1)... 
[debug] [2021-06-27T15:32:15.093Z] >>> HTTP REQUEST PATCH https://cloudfunctions.googleapis.com/v1/projects/etf-kanban/locations/us-central1/functions/all_etf {"updateMask":"name,sourceUploadUrl,entryPoint,runtime,httpsTrigger.securityLevel,labels,environmentVariables"} 
 {"name":"projects/etf-kanban/locations/us-central1/functions/all_etf","sourceUploadUrl":"https://storage.googleapis.com/gcf-upload-us-central1-9e66bd03-83c4-4682-a3da-4da457bebe91/fe6681e8-c2e2-4ed5-b438-9721e09e7022.zip?GoogleAccessId=service-692975981656@gcf-admin-robot.iam.gserviceaccount.com&Expires=1624809735&Signature=oVXcBd2JTIvyTkr%2BtVKsPi0RTG3%2FmMZiBKGG6qhRxEqGu0wxEPDuoIYS5ZSCvmJTu17piREB%2F%2BFI1fuUxjHQ4LgRglbrbZ%2BMRLUnl2rbBA%2BuHFzZJWl5g1bqrusxNCMNvNFwOZc3xAYA16AncyrnfP8b3UIZAnXWMPVXfQ1uhBINF3RmeM1w%2BvvIFLLH95jiWpkWAOeCAUoTvnTj4I30feXSUMg3faMsrjzyZcMOhtg%2BXqRrYgO0Ep1xtkeGoXN4KJZkMTXl9zCXm8NmgKRUOkAntryOcTREKr8tcCxHW071CG5drTDI0iRKZtcxmIJcJovtgBFZhJslGs3xrjvYgA%3D%3D","entryPoint":"all_etf","runtime":"nodejs14","httpsTrigger":{"securityLevel":"SECURE_OPTIONAL"},"labels":{"deployment-tool":"cli-firebase"},"environmentVariables":{"FIREBASE_CONFIG":"{\"projectId\":\"etf-kanban\",\"storageBucket\":\"etf-kanban.appspot.com\",\"locationId\":\"asia-northeast2\"}"}}
[debug] [2021-06-27T15:32:15.675Z] <<< HTTP RESPONSE 200 {"content-type":"application/json; charset=UTF-8","vary":"X-Origin, Referer, Origin,Accept-Encoding","date":"Sun, 27 Jun 2021 15:32:16 GMT","server":"ESF","cache-control":"private","x-xss-protection":"0","x-frame-options":"SAMEORIGIN","x-content-type-options":"nosniff","alt-svc":"h3=\":443\"; ma=2592000,h3-29=\":443\"; ma=2592000,h3-T051=\":443\"; ma=2592000,h3-Q050=\":443\"; ma=2592000,h3-Q046=\":443\"; ma=2592000,h3-Q043=\":443\"; ma=2592000,quic=\":443\"; ma=2592000; v=\"46,43\"","accept-ranges":"none","transfer-encoding":"chunked"}
[debug] [2021-06-27T15:32:15.679Z] > refreshing access token with scopes: []
[debug] [2021-06-27T15:32:15.679Z] >>> HTTP REQUEST POST https://www.googleapis.com/oauth2/v3/token  
 <request body omitted>
[debug] [2021-06-27T15:32:15.731Z] <<< HTTP RESPONSE 200 {"pragma":"no-cache","date":"Sun, 27 Jun 2021 15:32:16 GMT","cache-control":"no-cache, no-store, max-age=0, must-revalidate","expires":"Mon, 01 Jan 1990 00:00:00 GMT","content-type":"application/json; charset=utf-8","vary":"X-Origin, Referer, Origin,Accept-Encoding","server":"scaffolding on HTTPServer2","x-xss-protection":"0","x-frame-options":"SAMEORIGIN","x-content-type-options":"nosniff","alt-svc":"h3=\":443\"; ma=2592000,h3-29=\":443\"; ma=2592000,h3-T051=\":443\"; ma=2592000,h3-Q050=\":443\"; ma=2592000,h3-Q046=\":443\"; ma=2592000,h3-Q043=\":443\"; ma=2592000,quic=\":443\"; ma=2592000; v=\"46,43\"","accept-ranges":"none","transfer-encoding":"chunked"}
[debug] [2021-06-27T15:32:15.750Z] >>> [apiv2][query] GET https://cloudfunctions.googleapis.com/v1/operations/ZXRmLWthbmJhbi91cy1jZW50cmFsMS9hbGxfZXRmL1B5U1pTeFdVaE8w [none]
[debug] [2021-06-27T15:32:16.217Z] <<< [apiv2][status] GET https://cloudfunctions.googleapis.com/v1/operations/ZXRmLWthbmJhbi91cy1jZW50cmFsMS9hbGxfZXRmL1B5U1pTeFdVaE8w 200
[debug] [2021-06-27T15:32:16.217Z] <<< [apiv2][body] GET https://cloudfunctions.googleapis.com/v1/operations/ZXRmLWthbmJhbi91cy1jZW50cmFsMS9hbGxfZXRmL1B5U1pTeFdVaE8w {"name":"operations/ZXRmLWthbmJhbi91cy1jZW50cmFsMS9hbGxfZXRmL1B5U1pTeFdVaE8w","metadata":{"@type":"type.googleapis.com/google.cloud.functions.v1.OperationMetadataV1","target":"projects/etf-kanban/locations/us-central1/functions/all_etf","type":"UPDATE_FUNCTION","request":{"@type":"type.googleapis.com/google.cloud.functions.v1.CloudFunction","name":"projects/etf-kanban/locations/us-central1/functions/all_etf","httpsTrigger":{"url":"https://us-central1-etf-kanban.cloudfunctions.net/all_etf","securityLevel":"SECURE_OPTIONAL"},"status":"ACTIVE","entryPoint":"all_etf","timeout":"60s","availableMemoryMb":256,"serviceAccountEmail":"etf-kanban@appspot.gserviceaccount.com","updateTime":"2021-06-27T15:26:14.472Z","versionId":"1","labels":{"deployment-tool":"cli-firebase"},"sourceUploadUrl":"https://storage.googleapis.com/gcf-upload-us-central1-9e66bd03-83c4-4682-a3da-4da457bebe91/fe6681e8-c2e2-4ed5-b438-9721e09e7022.zip?GoogleAccessId=service-692975981656@gcf-admin-robot.iam.gserviceaccount.com&Expires=1624809735&Signature=oVXcBd2JTIvyTkr%2BtVKsPi0RTG3%2FmMZiBKGG6qhRxEqGu0wxEPDuoIYS5ZSCvmJTu17piREB%2F%2BFI1fuUxjHQ4LgRglbrbZ%2BMRLUnl2rbBA%2BuHFzZJWl5g1bqrusxNCMNvNFwOZc3xAYA16AncyrnfP8b3UIZAnXWMPVXfQ1uhBINF3RmeM1w%2BvvIFLLH95jiWpkWAOeCAUoTvnTj4I30feXSUMg3faMsrjzyZcMOhtg%2BXqRrYgO0Ep1xtkeGoXN4KJZkMTXl9zCXm8NmgKRUOkAntryOcTREKr8tcCxHW071CG5drTDI0iRKZtcxmIJcJovtgBFZhJslGs3xrjvYgA%3D%3D","environmentVariables":{"FIREBASE_CONFIG":"{\"projectId\":\"etf-kanban\",\"storageBucket\":\"etf-kanban.appspot.com\",\"locationId\":\"asia-northeast2\"}"},"runtime":"nodejs14","ingressSettings":"ALLOW_ALL","buildId":"56902ea1-3ac8-41cd-b898-e2f9b18f6b43"},"versionId":"2","updateTime":"2021-06-27T15:32:16Z","buildName":"projects/692975981656/locations/us-central1/builds/56902ea1-3ac8-41cd-b898-e2f9b18f6b43"}}
[debug] [2021-06-27T15:32:16.730Z] [update-projects/etf-kanban/locations/us-central1/functions/all_etf] Retrying task index 0
[debug] [2021-06-27T15:32:16.731Z] >>> [apiv2][query] GET https://cloudfunctions.googleapis.com/v1/operations/ZXRmLWthbmJhbi91cy1jZW50cmFsMS9hbGxfZXRmL1B5U1pTeFdVaE8w [none]
[debug] [2021-06-27T15:32:17.188Z] <<< [apiv2][status] GET https://cloudfunctions.googleapis.com/v1/operations/ZXRmLWthbmJhbi91cy1jZW50cmFsMS9hbGxfZXRmL1B5U1pTeFdVaE8w 200
[debug] [2021-06-27T15:32:17.188Z] <<< [apiv2][body] GET https://cloudfunctions.googleapis.com/v1/operations/ZXRmLWthbmJhbi91cy1jZW50cmFsMS9hbGxfZXRmL1B5U1pTeFdVaE8w {"name":"operations/ZXRmLWthbmJhbi91cy1jZW50cmFsMS9hbGxfZXRmL1B5U1pTeFdVaE8w","metadata":{"@type":"type.googleapis.com/google.cloud.functions.v1.OperationMetadataV1","target":"projects/etf-kanban/locations/us-central1/functions/all_etf","type":"UPDATE_FUNCTION","request":{"@type":"type.googleapis.com/google.cloud.functions.v1.CloudFunction","name":"projects/etf-kanban/locations/us-central1/functions/all_etf","httpsTrigger":{"url":"https://us-central1-etf-kanban.cloudfunctions.net/all_etf","securityLevel":"SECURE_OPTIONAL"},"status":"ACTIVE","entryPoint":"all_etf","timeout":"60s","availableMemoryMb":256,"serviceAccountEmail":"etf-kanban@appspot.gserviceaccount.com","updateTime":"2021-06-27T15:26:14.472Z","versionId":"1","labels":{"deployment-tool":"cli-firebase"},"sourceUploadUrl":"https://storage.googleapis.com/gcf-upload-us-central1-9e66bd03-83c4-4682-a3da-4da457bebe91/fe6681e8-c2e2-4ed5-b438-9721e09e7022.zip?GoogleAccessId=service-692975981656@gcf-admin-robot.iam.gserviceaccount.com&Expires=1624809735&Signature=oVXcBd2JTIvyTkr%2BtVKsPi0RTG3%2FmMZiBKGG6qhRxEqGu0wxEPDuoIYS5ZSCvmJTu17piREB%2F%2BFI1fuUxjHQ4LgRglbrbZ%2BMRLUnl2rbBA%2BuHFzZJWl5g1bqrusxNCMNvNFwOZc3xAYA16AncyrnfP8b3UIZAnXWMPVXfQ1uhBINF3RmeM1w%2BvvIFLLH95jiWpkWAOeCAUoTvnTj4I30feXSUMg3faMsrjzyZcMOhtg%2BXqRrYgO0Ep1xtkeGoXN4KJZkMTXl9zCXm8NmgKRUOkAntryOcTREKr8tcCxHW071CG5drTDI0iRKZtcxmIJcJovtgBFZhJslGs3xrjvYgA%3D%3D","environmentVariables":{"FIREBASE_CONFIG":"{\"projectId\":\"etf-kanban\",\"storageBucket\":\"etf-kanban.appspot.com\",\"locationId\":\"asia-northeast2\"}"},"runtime":"nodejs14","ingressSettings":"ALLOW_ALL","buildId":"56902ea1-3ac8-41cd-b898-e2f9b18f6b43"},"versionId":"2","updateTime":"2021-06-27T15:32:16Z","buildId":"56fd6e24-1a95-4321-af75-564f181a0292","buildName":"projects/692975981656/locations/us-central1/builds/56fd6e24-1a95-4321-af75-564f181a0292"}}
[debug] [2021-06-27T15:32:18.193Z] [update-projects/etf-kanban/locations/us-central1/functions/all_etf] Retrying task index 0
[debug] [2021-06-27T15:32:18.193Z] >>> [apiv2][query] GET https://cloudfunctions.googleapis.com/v1/operations/ZXRmLWthbmJhbi91cy1jZW50cmFsMS9hbGxfZXRmL1B5U1pTeFdVaE8w [none]
[debug] [2021-06-27T15:32:18.479Z] <<< [apiv2][status] GET https://cloudfunctions.googleapis.com/v1/operations/ZXRmLWthbmJhbi91cy1jZW50cmFsMS9hbGxfZXRmL1B5U1pTeFdVaE8w 200
[debug] [2021-06-27T15:32:18.479Z] <<< [apiv2][body] GET https://cloudfunctions.googleapis.com/v1/operations/ZXRmLWthbmJhbi91cy1jZW50cmFsMS9hbGxfZXRmL1B5U1pTeFdVaE8w {"name":"operations/ZXRmLWthbmJhbi91cy1jZW50cmFsMS9hbGxfZXRmL1B5U1pTeFdVaE8w","metadata":{"@type":"type.googleapis.com/google.cloud.functions.v1.OperationMetadataV1","target":"projects/etf-kanban/locations/us-central1/functions/all_etf","type":"UPDATE_FUNCTION","request":{"@type":"type.googleapis.com/google.cloud.functions.v1.CloudFunction","name":"projects/etf-kanban/locations/us-central1/functions/all_etf","httpsTrigger":{"url":"https://us-central1-etf-kanban.cloudfunctions.net/all_etf","securityLevel":"SECURE_OPTIONAL"},"status":"ACTIVE","entryPoint":"all_etf","timeout":"60s","availableMemoryMb":256,"serviceAccountEmail":"etf-kanban@appspot.gserviceaccount.com","updateTime":"2021-06-27T15:26:14.472Z","versionId":"1","labels":{"deployment-tool":"cli-firebase"},"sourceUploadUrl":"https://storage.googleapis.com/gcf-upload-us-central1-9e66bd03-83c4-4682-a3da-4da457bebe91/fe6681e8-c2e2-4ed5-b438-9721e09e7022.zip?GoogleAccessId=service-692975981656@gcf-admin-robot.iam.gserviceaccount.com&Expires=1624809735&Signature=oVXcBd2JTIvyTkr%2BtVKsPi0RTG3%2FmMZiBKGG6qhRxEqGu0wxEPDuoIYS5ZSCvmJTu17piREB%2F%2BFI1fuUxjHQ4LgRglbrbZ%2BMRLUnl2rbBA%2BuHFzZJWl5g1bqrusxNCMNvNFwOZc3xAYA16AncyrnfP8b3UIZAnXWMPVXfQ1uhBINF3RmeM1w%2BvvIFLLH95jiWpkWAOeCAUoTvnTj4I30feXSUMg3faMsrjzyZcMOhtg%2BXqRrYgO0Ep1xtkeGoXN4KJZkMTXl9zCXm8NmgKRUOkAntryOcTREKr8tcCxHW071CG5drTDI0iRKZtcxmIJcJovtgBFZhJslGs3xrjvYgA%3D%3D","environmentVariables":{"FIREBASE_CONFIG":"{\"projectId\":\"etf-kanban\",\"storageBucket\":\"etf-kanban.appspot.com\",\"locationId\":\"asia-northeast2\"}"},"runtime":"nodejs14","ingressSettings":"ALLOW_ALL","buildId":"56902ea1-3ac8-41cd-b898-e2f9b18f6b43"},"versionId":"2","updateTime":"2021-06-27T15:32:16Z","buildId":"56fd6e24-1a95-4321-af75-564f181a0292","buildName":"projects/692975981656/locations/us-central1/builds/56fd6e24-1a95-4321-af75-564f181a0292"}}
[debug] [2021-06-27T15:32:20.488Z] [update-projects/etf-kanban/locations/us-central1/functions/all_etf] Retrying task index 0
[debug] [2021-06-27T15:32:20.488Z] >>> [apiv2][query] GET https://cloudfunctions.googleapis.com/v1/operations/ZXRmLWthbmJhbi91cy1jZW50cmFsMS9hbGxfZXRmL1B5U1pTeFdVaE8w [none]
[debug] [2021-06-27T15:32:20.798Z] <<< [apiv2][status] GET https://cloudfunctions.googleapis.com/v1/operations/ZXRmLWthbmJhbi91cy1jZW50cmFsMS9hbGxfZXRmL1B5U1pTeFdVaE8w 200
[debug] [2021-06-27T15:32:20.798Z] <<< [apiv2][body] GET https://cloudfunctions.googleapis.com/v1/operations/ZXRmLWthbmJhbi91cy1jZW50cmFsMS9hbGxfZXRmL1B5U1pTeFdVaE8w {"name":"operations/ZXRmLWthbmJhbi91cy1jZW50cmFsMS9hbGxfZXRmL1B5U1pTeFdVaE8w","metadata":{"@type":"type.googleapis.com/google.cloud.functions.v1.OperationMetadataV1","target":"projects/etf-kanban/locations/us-central1/functions/all_etf","type":"UPDATE_FUNCTION","request":{"@type":"type.googleapis.com/google.cloud.functions.v1.CloudFunction","name":"projects/etf-kanban/locations/us-central1/functions/all_etf","httpsTrigger":{"url":"https://us-central1-etf-kanban.cloudfunctions.net/all_etf","securityLevel":"SECURE_OPTIONAL"},"status":"ACTIVE","entryPoint":"all_etf","timeout":"60s","availableMemoryMb":256,"serviceAccountEmail":"etf-kanban@appspot.gserviceaccount.com","updateTime":"2021-06-27T15:26:14.472Z","versionId":"1","labels":{"deployment-tool":"cli-firebase"},"sourceUploadUrl":"https://storage.googleapis.com/gcf-upload-us-central1-9e66bd03-83c4-4682-a3da-4da457bebe91/fe6681e8-c2e2-4ed5-b438-9721e09e7022.zip?GoogleAccessId=service-692975981656@gcf-admin-robot.iam.gserviceaccount.com&Expires=1624809735&Signature=oVXcBd2JTIvyTkr%2BtVKsPi0RTG3%2FmMZiBKGG6qhRxEqGu0wxEPDuoIYS5ZSCvmJTu17piREB%2F%2BFI1fuUxjHQ4LgRglbrbZ%2BMRLUnl2rbBA%2BuHFzZJWl5g1bqrusxNCMNvNFwOZc3xAYA16AncyrnfP8b3UIZAnXWMPVXfQ1uhBINF3RmeM1w%2BvvIFLLH95jiWpkWAOeCAUoTvnTj4I30feXSUMg3faMsrjzyZcMOhtg%2BXqRrYgO0Ep1xtkeGoXN4KJZkMTXl9zCXm8NmgKRUOkAntryOcTREKr8tcCxHW071CG5drTDI0iRKZtcxmIJcJovtgBFZhJslGs3xrjvYgA%3D%3D","environmentVariables":{"FIREBASE_CONFIG":"{\"projectId\":\"etf-kanban\",\"storageBucket\":\"etf-kanban.appspot.com\",\"locationId\":\"asia-northeast2\"}"},"runtime":"nodejs14","ingressSettings":"ALLOW_ALL","buildId":"56902ea1-3ac8-41cd-b898-e2f9b18f6b43"},"versionId":"2","updateTime":"2021-06-27T15:32:16Z","buildId":"56fd6e24-1a95-4321-af75-564f181a0292","buildName":"projects/692975981656/locations/us-central1/builds/56fd6e24-1a95-4321-af75-564f181a0292"}}
[debug] [2021-06-27T15:32:24.813Z] [update-projects/etf-kanban/locations/us-central1/functions/all_etf] Retrying task index 0
[debug] [2021-06-27T15:32:24.814Z] >>> [apiv2][query] GET https://cloudfunctions.googleapis.com/v1/operations/ZXRmLWthbmJhbi91cy1jZW50cmFsMS9hbGxfZXRmL1B5U1pTeFdVaE8w [none]
[debug] [2021-06-27T15:32:25.233Z] <<< [apiv2][status] GET https://cloudfunctions.googleapis.com/v1/operations/ZXRmLWthbmJhbi91cy1jZW50cmFsMS9hbGxfZXRmL1B5U1pTeFdVaE8w 200
[debug] [2021-06-27T15:32:25.233Z] <<< [apiv2][body] GET https://cloudfunctions.googleapis.com/v1/operations/ZXRmLWthbmJhbi91cy1jZW50cmFsMS9hbGxfZXRmL1B5U1pTeFdVaE8w {"name":"operations/ZXRmLWthbmJhbi91cy1jZW50cmFsMS9hbGxfZXRmL1B5U1pTeFdVaE8w","metadata":{"@type":"type.googleapis.com/google.cloud.functions.v1.OperationMetadataV1","target":"projects/etf-kanban/locations/us-central1/functions/all_etf","type":"UPDATE_FUNCTION","request":{"@type":"type.googleapis.com/google.cloud.functions.v1.CloudFunction","name":"projects/etf-kanban/locations/us-central1/functions/all_etf","httpsTrigger":{"url":"https://us-central1-etf-kanban.cloudfunctions.net/all_etf","securityLevel":"SECURE_OPTIONAL"},"status":"ACTIVE","entryPoint":"all_etf","timeout":"60s","availableMemoryMb":256,"serviceAccountEmail":"etf-kanban@appspot.gserviceaccount.com","updateTime":"2021-06-27T15:26:14.472Z","versionId":"1","labels":{"deployment-tool":"cli-firebase"},"sourceUploadUrl":"https://storage.googleapis.com/gcf-upload-us-central1-9e66bd03-83c4-4682-a3da-4da457bebe91/fe6681e8-c2e2-4ed5-b438-9721e09e7022.zip?GoogleAccessId=service-692975981656@gcf-admin-robot.iam.gserviceaccount.com&Expires=1624809735&Signature=oVXcBd2JTIvyTkr%2BtVKsPi0RTG3%2FmMZiBKGG6qhRxEqGu0wxEPDuoIYS5ZSCvmJTu17piREB%2F%2BFI1fuUxjHQ4LgRglbrbZ%2BMRLUnl2rbBA%2BuHFzZJWl5g1bqrusxNCMNvNFwOZc3xAYA16AncyrnfP8b3UIZAnXWMPVXfQ1uhBINF3RmeM1w%2BvvIFLLH95jiWpkWAOeCAUoTvnTj4I30feXSUMg3faMsrjzyZcMOhtg%2BXqRrYgO0Ep1xtkeGoXN4KJZkMTXl9zCXm8NmgKRUOkAntryOcTREKr8tcCxHW071CG5drTDI0iRKZtcxmIJcJovtgBFZhJslGs3xrjvYgA%3D%3D","environmentVariables":{"FIREBASE_CONFIG":"{\"projectId\":\"etf-kanban\",\"storageBucket\":\"etf-kanban.appspot.com\",\"locationId\":\"asia-northeast2\"}"},"runtime":"nodejs14","ingressSettings":"ALLOW_ALL","buildId":"56902ea1-3ac8-41cd-b898-e2f9b18f6b43"},"versionId":"2","updateTime":"2021-06-27T15:32:16Z","buildId":"56fd6e24-1a95-4321-af75-564f181a0292","buildName":"projects/692975981656/locations/us-central1/builds/56fd6e24-1a95-4321-af75-564f181a0292"}}
[debug] [2021-06-27T15:32:33.244Z] [update-projects/etf-kanban/locations/us-central1/functions/all_etf] Retrying task index 0
[debug] [2021-06-27T15:32:33.245Z] >>> [apiv2][query] GET https://cloudfunctions.googleapis.com/v1/operations/ZXRmLWthbmJhbi91cy1jZW50cmFsMS9hbGxfZXRmL1B5U1pTeFdVaE8w [none]
[debug] [2021-06-27T15:32:33.652Z] <<< [apiv2][status] GET https://cloudfunctions.googleapis.com/v1/operations/ZXRmLWthbmJhbi91cy1jZW50cmFsMS9hbGxfZXRmL1B5U1pTeFdVaE8w 200
[debug] [2021-06-27T15:32:33.653Z] <<< [apiv2][body] GET https://cloudfunctions.googleapis.com/v1/operations/ZXRmLWthbmJhbi91cy1jZW50cmFsMS9hbGxfZXRmL1B5U1pTeFdVaE8w {"name":"operations/ZXRmLWthbmJhbi91cy1jZW50cmFsMS9hbGxfZXRmL1B5U1pTeFdVaE8w","metadata":{"@type":"type.googleapis.com/google.cloud.functions.v1.OperationMetadataV1","target":"projects/etf-kanban/locations/us-central1/functions/all_etf","type":"UPDATE_FUNCTION","request":{"@type":"type.googleapis.com/google.cloud.functions.v1.CloudFunction","name":"projects/etf-kanban/locations/us-central1/functions/all_etf","httpsTrigger":{"url":"https://us-central1-etf-kanban.cloudfunctions.net/all_etf","securityLevel":"SECURE_OPTIONAL"},"status":"ACTIVE","entryPoint":"all_etf","timeout":"60s","availableMemoryMb":256,"serviceAccountEmail":"etf-kanban@appspot.gserviceaccount.com","updateTime":"2021-06-27T15:26:14.472Z","versionId":"1","labels":{"deployment-tool":"cli-firebase"},"sourceUploadUrl":"https://storage.googleapis.com/gcf-upload-us-central1-9e66bd03-83c4-4682-a3da-4da457bebe91/fe6681e8-c2e2-4ed5-b438-9721e09e7022.zip?GoogleAccessId=service-692975981656@gcf-admin-robot.iam.gserviceaccount.com&Expires=1624809735&Signature=oVXcBd2JTIvyTkr%2BtVKsPi0RTG3%2FmMZiBKGG6qhRxEqGu0wxEPDuoIYS5ZSCvmJTu17piREB%2F%2BFI1fuUxjHQ4LgRglbrbZ%2BMRLUnl2rbBA%2BuHFzZJWl5g1bqrusxNCMNvNFwOZc3xAYA16AncyrnfP8b3UIZAnXWMPVXfQ1uhBINF3RmeM1w%2BvvIFLLH95jiWpkWAOeCAUoTvnTj4I30feXSUMg3faMsrjzyZcMOhtg%2BXqRrYgO0Ep1xtkeGoXN4KJZkMTXl9zCXm8NmgKRUOkAntryOcTREKr8tcCxHW071CG5drTDI0iRKZtcxmIJcJovtgBFZhJslGs3xrjvYgA%3D%3D","environmentVariables":{"FIREBASE_CONFIG":"{\"projectId\":\"etf-kanban\",\"storageBucket\":\"etf-kanban.appspot.com\",\"locationId\":\"asia-northeast2\"}"},"runtime":"nodejs14","ingressSettings":"ALLOW_ALL","buildId":"56902ea1-3ac8-41cd-b898-e2f9b18f6b43"},"versionId":"2","updateTime":"2021-06-27T15:32:16Z","buildId":"56fd6e24-1a95-4321-af75-564f181a0292","buildName":"projects/692975981656/locations/us-central1/builds/56fd6e24-1a95-4321-af75-564f181a0292"}}
